C:\USERS\STEVE\DOCUMENTS\CS180 UMLCOURSE SPRING 2013\1 QUASAR C++ CODE DEVELOPMENT\QUASAR_1MAY2013\QUASAR\DEBUG\WEBSITEDATA.OBJ
C:\USERS\STEVE\DOCUMENTS\CS180 UMLCOURSE SPRING 2013\1 QUASAR C++ CODE DEVELOPMENT\QUASAR_1MAY2013\QUASAR\DEBUG\STRINGMATCHING.OBJ
C:\USERS\STEVE\DOCUMENTS\CS180 UMLCOURSE SPRING 2013\1 QUASAR C++ CODE DEVELOPMENT\QUASAR_1MAY2013\QUASAR\DEBUG\SPLASH.OBJ
C:\USERS\STEVE\DOCUMENTS\CS180 UMLCOURSE SPRING 2013\1 QUASAR C++ CODE DEVELOPMENT\QUASAR_1MAY2013\QUASAR\DEBUG\PICTUREDATA.OBJ
C:\USERS\STEVE\DOCUMENTS\CS180 UMLCOURSE SPRING 2013\1 QUASAR C++ CODE DEVELOPMENT\QUASAR_1MAY2013\QUASAR\DEBUG\NODEMANAGER.OBJ
C:\USERS\STEVE\DOCUMENTS\CS180 UMLCOURSE SPRING 2013\1 QUASAR C++ CODE DEVELOPMENT\QUASAR_1MAY2013\QUASAR\DEBUG\NODE.OBJ
C:\USERS\STEVE\DOCUMENTS\CS180 UMLCOURSE SPRING 2013\1 QUASAR C++ CODE DEVELOPMENT\QUASAR_1MAY2013\QUASAR\DEBUG\MAINWINDOW.OBJ
C:\USERS\STEVE\DOCUMENTS\CS180 UMLCOURSE SPRING 2013\1 QUASAR C++ CODE DEVELOPMENT\QUASAR_1MAY2013\QUASAR\DEBUG\MAIN.OBJ
C:\USERS\STEVE\DOCUMENTS\CS180 UMLCOURSE SPRING 2013\1 QUASAR C++ CODE DEVELOPMENT\QUASAR_1MAY2013\QUASAR\DEBUG\DOCUMENTDATA.OBJ
C:\USERS\STEVE\DOCUMENTS\CS180 UMLCOURSE SPRING 2013\1 QUASAR C++ CODE DEVELOPMENT\QUASAR_1MAY2013\QUASAR\DEBUG\CONTACTDATA.OBJ
C:\USERS\STEVE\DOCUMENTS\CS180 UMLCOURSE SPRING 2013\1 QUASAR C++ CODE DEVELOPMENT\QUASAR_1MAY2013\QUASAR\DEBUG\VC110.PDB
䍞尺獕牥屳瑓癥履潄畣敭瑮屳千㠱‰䵕䍌畯獲⁥灓楲杮㈠㄰尳‱畑獡牡䌠⬫䌠摯⁥敄敶潬浰湥屴畑獡牡ㅟ慍㉹㄰尳畑獡牡兜慵慳⹲捶灸潲൪䌊尺獕牥屳瑓癥履潄畣敭瑮屳千㠱‰䵕䍌畯獲⁥灓楲杮㈠㄰尳‱畑獡牡䌠⬫䌠摯⁥敄敶潬浰湥屴畑獡牡ㅟ慍㉹㄰尳畑獡牡䑜扥杵兜慵慳⹲慍湩楗摮睯爮獥畯捲獥਍㩃啜敳獲卜整敶䑜捯浵湥獴䍜ㅓ〸唠䱍潃牵敳匠牰湩⁧〲㌱ㅜ儠慵慳⁲⭃‫潃敤䐠癥汥灯敭瑮兜慵慳彲䴱祡〲㌱兜慵慳屲敄畢屧畑獡牡匮汰獡⹨敲潳牵散൳帊㩃啜敳獲卜整敶䑜捯浵湥獴䍜ㅓ〸唠䱍潃牵敳匠牰湩⁧〲㌱ㅜ儠慵慳⁲⭃‫潃敤䐠癥汥灯敭瑮兜慵慳彲䴱祡〲㌱兜慵慳屲畑獡牡瘮硣牰橯਍㩃啜敳獲卜整敶䑜捯浵湥獴䍜ㅓ〸唠䱍潃牵敳匠牰湩⁧〲㌱ㅜ儠慵慳⁲⭃‫潃敤䐠癥汥灯敭瑮兜慵慳彲䴱祡〲㌱兜慵慳屲敄畢屧畑獡牡䴮楡坮湩潤⹷敲潳牵散൳䌊尺獕牥屳瑓癥履潄畣敭瑮屳千㠱‰䵕䍌畯獲⁥灓楲杮㈠㄰尳‱畑獡牡䌠⬫䌠摯⁥敄敶潬浰湥屴畑獡牡ㅟ慍㉹㄰尳畑獡牡䑜扥杵兜慵慳⹲灓慬桳爮獥畯捲獥਍䍞尺獕牥屳瑓癥履潄畣敭瑮屳千㠱‰䵕䍌畯獲⁥灓楲杮㈠㄰尳‱畑獡牡䌠⬫䌠摯⁥敄敶潬浰湥屴畑獡牡ㅟ慍㉹㄰尳畑獡牡兜慵慳⹲捶灸潲൪䌊尺獕牥屳瑓癥履潄畣敭瑮屳千㠱‰䵕䍌畯獲⁥灓楲杮㈠㄰尳‱畑獡牡䌠⬫䌠摯⁥敄敶潬浰湥屴畑獡牡ㅟ慍㉹㄰尳畑獡牡䑜扥杵兜慵慳⹲慍湩楗摮睯爮獥畯捲獥਍㩃啜敳獲卜整敶䑜捯浵湥獴䍜ㅓ〸唠䱍潃牵敳匠牰湩⁧〲㌱ㅜ儠慵慳⁲⭃‫潃敤䐠癥汥灯敭瑮兜慵慳彲䴱祡〲㌱兜慵慳屲敄畢屧畑獡牡匮汰獡⹨敲潳牵散൳帊㩃啜敳獲卜整敶䑜捯浵湥獴䍜ㅓ〸唠䱍潃牵敳匠牰湩⁧〲㌱ㅜ儠慵慳⁲⭃‫潃敤䐠癥汥灯敭瑮兜慵慳彲䴱祡〲㌱兜慵慳屲畑獡牡瘮硣牰橯਍㩃啜敳獲卜整敶䑜捯浵湥獴䍜ㅓ〸唠䱍潃牵敳匠牰湩⁧〲㌱ㅜ儠慵慳⁲⭃‫潃敤䐠癥汥灯敭瑮兜慵慳彲䴱祡〲㌱兜慵慳屲敄畢屧畑獡牡䴮楡坮湩潤⹷敲潳牵散൳䌊尺獕牥屳瑓癥履潄畣敭瑮屳千㠱‰䵕䍌畯獲⁥灓楲杮㈠㄰尳‱畑獡牡䌠⬫䌠摯⁥敄敶潬浰湥屴畑獡牡ㅟ慍㉹㄰尳畑獡牡䑜扥杵兜慵慳⹲灓慬桳爮獥畯捲獥਍䍞尺獕牥屳瑓癥履潄畣敭瑮屳千㠱‰䵕䍌畯獲⁥灓楲杮㈠㄰尳‱畑獡牡䌠⬫䌠摯⁥敄敶潬浰湥屴畑獡牡ㅟ慍㉹㄰尳畑獡牡兜慵慳⹲捶灸潲൪䌊尺獕牥屳瑓癥履潄畣敭瑮屳千㠱‰䵕䍌畯獲⁥灓楲杮㈠㄰尳‱畑獡牡䌠⬫䌠摯⁥敄敶潬浰湥屴畑獡牡ㅟ慍㉹㄰尳畑獡牡䑜扥杵兜慵慳⹲慍湩楗摮睯爮獥畯捲獥਍㩃啜敳獲卜整敶䑜捯浵湥獴䍜ㅓ〸唠䱍潃牵敳匠牰湩⁧〲㌱ㅜ儠慵慳⁲⭃‫潃敤䐠癥汥灯敭瑮兜慵慳彲䴱祡〲㌱兜慵慳屲敄畢屧畑獡牡匮汰獡⹨敲潳牵散൳帊㩃啜敳獲卜整敶䑜捯浵湥獴䍜ㅓ〸唠䱍潃牵敳匠牰湩⁧〲㌱ㅜ儠慵慳⁲⭃‫潃敤䐠癥汥灯敭瑮兜慵慳彲䴱祡〲㌱兜慵慳屲畑獡牡瘮硣牰橯਍㩃啜敳獲卜整敶䑜捯浵湥獴䍜ㅓ〸唠䱍潃牵敳匠牰湩⁧〲㌱ㅜ儠慵慳⁲⭃‫潃敤䐠癥汥灯敭瑮兜慵慳彲䴱祡〲㌱兜慵慳屲敄畢屧畑獡牡䴮楡坮湩潤⹷敲潳牵散൳䌊尺獕牥屳瑓癥履潄畣敭瑮屳千㠱‰䵕䍌畯獲⁥灓楲杮㈠㄰尳‱畑獡牡䌠⬫䌠摯⁥敄敶潬浰湥屴畑獡牡ㅟ慍㉹㄰尳畑獡牡䑜扥杵兜慵慳⹲灓慬桳爮獥畯捲獥਍
C:\Users\Steve\Documents\CS180 UMLCourse Spring 2013\1 Quasar C++ Code Development\Quasar_1May2013\Quasar\Debug\Quasar.vcxproj.GenerateResource.Cache
C:\Users\Steve\Documents\CS180 UMLCourse Spring 2013\1 Quasar C++ Code Development\Quasar_1May2013\Quasar\Debug\Quasar.vcxprojResolveAssemblyReference.cache
C:\Users\Steve\Documents\CS180 UMLCourse Spring 2013\1 Quasar C++ Code Development\Quasar_1May2013\Quasar\Debug\.NETFramework,Version=v4.5.AssemblyAttributes.obj
C:\Users\Steve\Documents\CS180 UMLCourse Spring 2013\1 Quasar C++ Code Development\Quasar_1May2013\Quasar\Debug\ContactData.obj
C:\Users\Steve\Documents\CS180 UMLCourse Spring 2013\1 Quasar C++ Code Development\Quasar_1May2013\Quasar\Debug\DocumentData.obj
C:\Users\Steve\Documents\CS180 UMLCourse Spring 2013\1 Quasar C++ Code Development\Quasar_1May2013\Quasar\Debug\DocumentNode.obj
C:\Users\Steve\Documents\CS180 UMLCourse Spring 2013\1 Quasar C++ Code Development\Quasar_1May2013\Quasar\Debug\Main.obj
C:\Users\Steve\Documents\CS180 UMLCourse Spring 2013\1 Quasar C++ Code Development\Quasar_1May2013\Quasar\Debug\MainWindow.obj
C:\Users\Steve\Documents\CS180 UMLCourse Spring 2013\1 Quasar C++ Code Development\Quasar_1May2013\Quasar\Debug\Node.obj
C:\Users\Steve\Documents\CS180 UMLCourse Spring 2013\1 Quasar C++ Code Development\Quasar_1May2013\Quasar\Debug\NodeManager.obj
C:\Users\Steve\Documents\CS180 UMLCourse Spring 2013\1 Quasar C++ Code Development\Quasar_1May2013\Quasar\Debug\PictureData.obj
C:\Users\Steve\Documents\CS180 UMLCourse Spring 2013\1 Quasar C++ Code Development\Quasar_1May2013\Quasar\Debug\Splash.obj
C:\Users\Steve\Documents\CS180 UMLCourse Spring 2013\1 Quasar C++ Code Development\Quasar_1May2013\Quasar\Debug\StringMatching.obj
C:\Users\Steve\Documents\CS180 UMLCourse Spring 2013\1 Quasar C++ Code Development\Quasar_1May2013\Quasar\Debug\WebsiteData.obj
C:\Users\Steve\Documents\CS180 UMLCourse Spring 2013\1 Quasar C++ Code Development\Quasar_1May2013\Quasar\Debug\Quasar.MainWindow.resources
C:\Users\Steve\Documents\CS180 UMLCourse Spring 2013\1 Quasar C++ Code Development\Quasar_1May2013\Quasar\Debug\Quasar.Splash.resources
C:\Users\Steve\Documents\CS180 UMLCourse Spring 2013\1 Quasar C++ Code Development\Quasar_1May2013\Quasar\Debug\cl.command.1.tlog
C:\Users\Steve\Documents\CS180 UMLCourse Spring 2013\1 Quasar C++ Code Development\Quasar_1May2013\Quasar\Debug\CL.read.1.tlog
C:\Users\Steve\Documents\CS180 UMLCourse Spring 2013\1 Quasar C++ Code Development\Quasar_1May2013\Quasar\Debug\CL.write.1.tlog
C:\Users\Steve\Documents\CS180 UMLCourse Spring 2013\1 Quasar C++ Code Development\Quasar_1May2013\Quasar\Debug\link.1876-cvtres.read.1.tlog
C:\Users\Steve\Documents\CS180 UMLCourse Spring 2013\1 Quasar C++ Code Development\Quasar_1May2013\Quasar\Debug\link.1876-cvtres.write.1.tlog
C:\Users\Steve\Documents\CS180 UMLCourse Spring 2013\1 Quasar C++ Code Development\Quasar_1May2013\Quasar\Debug\link.1876-rc.read.1.tlog
C:\Users\Steve\Documents\CS180 UMLCourse Spring 2013\1 Quasar C++ Code Development\Quasar_1May2013\Quasar\Debug\link.1876-rc.write.1.tlog
C:\Users\Steve\Documents\CS180 UMLCourse Spring 2013\1 Quasar C++ Code Development\Quasar_1May2013\Quasar\Debug\link.1876.read.1.tlog
C:\Users\Steve\Documents\CS180 UMLCourse Spring 2013\1 Quasar C++ Code Development\Quasar_1May2013\Quasar\Debug\link.1876.write.1.tlog
C:\Users\Steve\Documents\CS180 UMLCourse Spring 2013\1 Quasar C++ Code Development\Quasar_1May2013\Quasar\Debug\link.1880-cvtres.read.1.tlog
C:\Users\Steve\Documents\CS180 UMLCourse Spring 2013\1 Quasar C++ Code Development\Quasar_1May2013\Quasar\Debug\link.1880-cvtres.write.1.tlog
C:\Users\Steve\Documents\CS180 UMLCourse Spring 2013\1 Quasar C++ Code Development\Quasar_1May2013\Quasar\Debug\link.1880-rc.read.1.tlog
C:\Users\Steve\Documents\CS180 UMLCourse Spring 2013\1 Quasar C++ Code Development\Quasar_1May2013\Quasar\Debug\link.1880-rc.write.1.tlog
C:\Users\Steve\Documents\CS180 UMLCourse Spring 2013\1 Quasar C++ Code Development\Quasar_1May2013\Quasar\Debug\link.1880.read.1.tlog
C:\Users\Steve\Documents\CS180 UMLCourse Spring 2013\1 Quasar C++ Code Development\Quasar_1May2013\Quasar\Debug\link.1880.write.1.tlog
C:\Users\Steve\Documents\CS180 UMLCourse Spring 2013\1 Quasar C++ Code Development\Quasar_1May2013\Quasar\Debug\link.1952-cvtres.read.1.tlog
C:\Users\Steve\Documents\CS180 UMLCourse Spring 2013\1 Quasar C++ Code Development\Quasar_1May2013\Quasar\Debug\link.1952-cvtres.write.1.tlog
C:\Users\Steve\Documents\CS180 UMLCourse Spring 2013\1 Quasar C++ Code Development\Quasar_1May2013\Quasar\Debug\link.1952-rc.read.1.tlog
C:\Users\Steve\Documents\CS180 UMLCourse Spring 2013\1 Quasar C++ Code Development\Quasar_1May2013\Quasar\Debug\link.1952-rc.write.1.tlog
C:\Users\Steve\Documents\CS180 UMLCourse Spring 2013\1 Quasar C++ Code Development\Quasar_1May2013\Quasar\Debug\link.1952.read.1.tlog
C:\Users\Steve\Documents\CS180 UMLCourse Spring 2013\1 Quasar C++ Code Development\Quasar_1May2013\Quasar\Debug\link.1952.write.1.tlog
C:\Users\Steve\Documents\CS180 UMLCourse Spring 2013\1 Quasar C++ Code Development\Quasar_1May2013\Quasar\Debug\link.2152-cvtres.read.1.tlog
C:\Users\Steve\Documents\CS180 UMLCourse Spring 2013\1 Quasar C++ Code Development\Quasar_1May2013\Quasar\Debug\link.2152-cvtres.write.1.tlog
C:\Users\Steve\Documents\CS180 UMLCourse Spring 2013\1 Quasar C++ Code Development\Quasar_1May2013\Quasar\Debug\link.2152-rc.read.1.tlog
C:\Users\Steve\Documents\CS180 UMLCourse Spring 2013\1 Quasar C++ Code Development\Quasar_1May2013\Quasar\Debug\link.2152-rc.write.1.tlog
C:\Users\Steve\Documents\CS180 UMLCourse Spring 2013\1 Quasar C++ Code Development\Quasar_1May2013\Quasar\Debug\link.2152.read.1.tlog
C:\Users\Steve\Documents\CS180 UMLCourse Spring 2013\1 Quasar C++ Code Development\Quasar_1May2013\Quasar\Debug\link.2152.write.1.tlog
C:\Users\Steve\Documents\CS180 UMLCourse Spring 2013\1 Quasar C++ Code Development\Quasar_1May2013\Quasar\Debug\link.2472-cvtres.read.1.tlog
C:\Users\Steve\Documents\CS180 UMLCourse Spring 2013\1 Quasar C++ Code Development\Quasar_1May2013\Quasar\Debug\link.2472-cvtres.write.1.tlog
C:\Users\Steve\Documents\CS180 UMLCourse Spring 2013\1 Quasar C++ Code Development\Quasar_1May2013\Quasar\Debug\link.2472-rc.read.1.tlog
C:\Users\Steve\Documents\CS180 UMLCourse Spring 2013\1 Quasar C++ Code Development\Quasar_1May2013\Quasar\Debug\link.2472-rc.write.1.tlog
C:\Users\Steve\Documents\CS180 UMLCourse Spring 2013\1 Quasar C++ Code Development\Quasar_1May2013\Quasar\Debug\link.2472.read.1.tlog
C:\Users\Steve\Documents\CS180 UMLCourse Spring 2013\1 Quasar C++ Code Development\Quasar_1May2013\Quasar\Debug\link.2472.write.1.tlog
C:\Users\Steve\Documents\CS180 UMLCourse Spring 2013\1 Quasar C++ Code Development\Quasar_1May2013\Quasar\Debug\link.2488-cvtres.read.1.tlog
C:\Users\Steve\Documents\CS180 UMLCourse Spring 2013\1 Quasar C++ Code Development\Quasar_1May2013\Quasar\Debug\link.2488-cvtres.write.1.tlog
C:\Users\Steve\Documents\CS180 UMLCourse Spring 2013\1 Quasar C++ Code Development\Quasar_1May2013\Quasar\Debug\link.2488-rc.read.1.tlog
C:\Users\Steve\Documents\CS180 UMLCourse Spring 2013\1 Quasar C++ Code Development\Quasar_1May2013\Quasar\Debug\link.2488-rc.write.1.tlog
C:\Users\Steve\Documents\CS180 UMLCourse Spring 2013\1 Quasar C++ Code Development\Quasar_1May2013\Quasar\Debug\link.2488.read.1.tlog
C:\Users\Steve\Documents\CS180 UMLCourse Spring 2013\1 Quasar C++ Code Development\Quasar_1May2013\Quasar\Debug\link.2488.write.1.tlog
C:\Users\Steve\Documents\CS180 UMLCourse Spring 2013\1 Quasar C++ Code Development\Quasar_1May2013\Quasar\Debug\link.2936-cvtres.read.1.tlog
C:\Users\Steve\Documents\CS180 UMLCourse Spring 2013\1 Quasar C++ Code Development\Quasar_1May2013\Quasar\Debug\link.2936-cvtres.write.1.tlog
C:\Users\Steve\Documents\CS180 UMLCourse Spring 2013\1 Quasar C++ Code Development\Quasar_1May2013\Quasar\Debug\link.2936-rc.read.1.tlog
C:\Users\Steve\Documents\CS180 UMLCourse Spring 2013\1 Quasar C++ Code Development\Quasar_1May2013\Quasar\Debug\link.2936-rc.write.1.tlog
C:\Users\Steve\Documents\CS180 UMLCourse Spring 2013\1 Quasar C++ Code Development\Quasar_1May2013\Quasar\Debug\link.2936.read.1.tlog
C:\Users\Steve\Documents\CS180 UMLCourse Spring 2013\1 Quasar C++ Code Development\Quasar_1May2013\Quasar\Debug\link.2936.write.1.tlog
C:\Users\Steve\Documents\CS180 UMLCourse Spring 2013\1 Quasar C++ Code Development\Quasar_1May2013\Quasar\Debug\link.3000-cvtres.read.1.tlog
C:\Users\Steve\Documents\CS180 UMLCourse Spring 2013\1 Quasar C++ Code Development\Quasar_1May2013\Quasar\Debug\link.3000-cvtres.write.1.tlog
C:\Users\Steve\Documents\CS180 UMLCourse Spring 2013\1 Quasar C++ Code Development\Quasar_1May2013\Quasar\Debug\link.3000-rc.read.1.tlog
C:\Users\Steve\Documents\CS180 UMLCourse Spring 2013\1 Quasar C++ Code Development\Quasar_1May2013\Quasar\Debug\link.3000-rc.write.1.tlog
C:\Users\Steve\Documents\CS180 UMLCourse Spring 2013\1 Quasar C++ Code Development\Quasar_1May2013\Quasar\Debug\link.3000.read.1.tlog
C:\Users\Steve\Documents\CS180 UMLCourse Spring 2013\1 Quasar C++ Code Development\Quasar_1May2013\Quasar\Debug\link.3000.write.1.tlog
C:\Users\Steve\Documents\CS180 UMLCourse Spring 2013\1 Quasar C++ Code Development\Quasar_1May2013\Quasar\Debug\link.3140-cvtres.read.1.tlog
C:\Users\Steve\Documents\CS180 UMLCourse Spring 2013\1 Quasar C++ Code Development\Quasar_1May2013\Quasar\Debug\link.3140-cvtres.write.1.tlog
C:\Users\Steve\Documents\CS180 UMLCourse Spring 2013\1 Quasar C++ Code Development\Quasar_1May2013\Quasar\Debug\link.3140-rc.read.1.tlog
C:\Users\Steve\Documents\CS180 UMLCourse Spring 2013\1 Quasar C++ Code Development\Quasar_1May2013\Quasar\Debug\link.3140-rc.write.1.tlog
C:\Users\Steve\Documents\CS180 UMLCourse Spring 2013\1 Quasar C++ Code Development\Quasar_1May2013\Quasar\Debug\link.3140.read.1.tlog
C:\Users\Steve\Documents\CS180 UMLCourse Spring 2013\1 Quasar C++ Code Development\Quasar_1May2013\Quasar\Debug\link.3140.write.1.tlog
C:\Users\Steve\Documents\CS180 UMLCourse Spring 2013\1 Quasar C++ Code Development\Quasar_1May2013\Quasar\Debug\link.3156-cvtres.read.1.tlog
C:\Users\Steve\Documents\CS180 UMLCourse Spring 2013\1 Quasar C++ Code Development\Quasar_1May2013\Quasar\Debug\link.3156-cvtres.write.1.tlog
C:\Users\Steve\Documents\CS180 UMLCourse Spring 2013\1 Quasar C++ Code Development\Quasar_1May2013\Quasar\Debug\link.3156-rc.read.1.tlog
C:\Users\Steve\Documents\CS180 UMLCourse Spring 2013\1 Quasar C++ Code Development\Quasar_1May2013\Quasar\Debug\link.3156-rc.write.1.tlog
C:\Users\Steve\Documents\CS180 UMLCourse Spring 2013\1 Quasar C++ Code Development\Quasar_1May2013\Quasar\Debug\link.3156.read.1.tlog
C:\Users\Steve\Documents\CS180 UMLCourse Spring 2013\1 Quasar C++ Code Development\Quasar_1May2013\Quasar\Debug\link.3156.write.1.tlog
C:\Users\Steve\Documents\CS180 UMLCourse Spring 2013\1 Quasar C++ Code Development\Quasar_1May2013\Quasar\Debug\link.4712-cvtres.read.1.tlog
C:\Users\Steve\Documents\CS180 UMLCourse Spring 2013\1 Quasar C++ Code Development\Quasar_1May2013\Quasar\Debug\link.4712-cvtres.write.1.tlog
C:\Users\Steve\Documents\CS180 UMLCourse Spring 2013\1 Quasar C++ Code Development\Quasar_1May2013\Quasar\Debug\link.4712-rc.read.1.tlog
C:\Users\Steve\Documents\CS180 UMLCourse Spring 2013\1 Quasar C++ Code Development\Quasar_1May2013\Quasar\Debug\link.4712-rc.write.1.tlog
C:\Users\Steve\Documents\CS180 UMLCourse Spring 2013\1 Quasar C++ Code Development\Quasar_1May2013\Quasar\Debug\link.4712.read.1.tlog
C:\Users\Steve\Documents\CS180 UMLCourse Spring 2013\1 Quasar C++ Code Development\Quasar_1May2013\Quasar\Debug\link.4712.write.1.tlog
C:\Users\Steve\Documents\CS180 UMLCourse Spring 2013\1 Quasar C++ Code Development\Quasar_1May2013\Quasar\Debug\link.5284.read.1.tlog
C:\Users\Steve\Documents\CS180 UMLCourse Spring 2013\1 Quasar C++ Code Development\Quasar_1May2013\Quasar\Debug\link.5284.write.1.tlog
C:\Users\Steve\Documents\CS180 UMLCourse Spring 2013\1 Quasar C++ Code Development\Quasar_1May2013\Quasar\Debug\link.5348.read.1.tlog
C:\Users\Steve\Documents\CS180 UMLCourse Spring 2013\1 Quasar C++ Code Development\Quasar_1May2013\Quasar\Debug\link.5348.write.1.tlog
C:\Users\Steve\Documents\CS180 UMLCourse Spring 2013\1 Quasar C++ Code Development\Quasar_1May2013\Quasar\Debug\link.5624-cvtres.read.1.tlog
C:\Users\Steve\Documents\CS180 UMLCourse Spring 2013\1 Quasar C++ Code Development\Quasar_1May2013\Quasar\Debug\link.5624-cvtres.write.1.tlog
C:\Users\Steve\Documents\CS180 UMLCourse Spring 2013\1 Quasar C++ Code Development\Quasar_1May2013\Quasar\Debug\link.5624-rc.read.1.tlog
C:\Users\Steve\Documents\CS180 UMLCourse Spring 2013\1 Quasar C++ Code Development\Quasar_1May2013\Quasar\Debug\link.5624-rc.write.1.tlog
C:\Users\Steve\Documents\CS180 UMLCourse Spring 2013\1 Quasar C++ Code Development\Quasar_1May2013\Quasar\Debug\link.5624.read.1.tlog
C:\Users\Steve\Documents\CS180 UMLCourse Spring 2013\1 Quasar C++ Code Development\Quasar_1May2013\Quasar\Debug\link.5624.write.1.tlog
C:\Users\Steve\Documents\CS180 UMLCourse Spring 2013\1 Quasar C++ Code Development\Quasar_1May2013\Quasar\Debug\link.5936-cvtres.read.1.tlog
C:\Users\Steve\Documents\CS180 UMLCourse Spring 2013\1 Quasar C++ Code Development\Quasar_1May2013\Quasar\Debug\link.5936-cvtres.write.1.tlog
C:\Users\Steve\Documents\CS180 UMLCourse Spring 2013\1 Quasar C++ Code Development\Quasar_1May2013\Quasar\Debug\link.5936-rc.read.1.tlog
C:\Users\Steve\Documents\CS180 UMLCourse Spring 2013\1 Quasar C++ Code Development\Quasar_1May2013\Quasar\Debug\link.5936-rc.write.1.tlog
C:\Users\Steve\Documents\CS180 UMLCourse Spring 2013\1 Quasar C++ Code Development\Quasar_1May2013\Quasar\Debug\link.5936.read.1.tlog
C:\Users\Steve\Documents\CS180 UMLCourse Spring 2013\1 Quasar C++ Code Development\Quasar_1May2013\Quasar\Debug\link.5936.write.1.tlog
C:\Users\Steve\Documents\CS180 UMLCourse Spring 2013\1 Quasar C++ Code Development\Quasar_1May2013\Quasar\Debug\link.6552.read.1.tlog
C:\Users\Steve\Documents\CS180 UMLCourse Spring 2013\1 Quasar C++ Code Development\Quasar_1May2013\Quasar\Debug\link.6552.write.1.tlog
C:\Users\Steve\Documents\CS180 UMLCourse Spring 2013\1 Quasar C++ Code Development\Quasar_1May2013\Quasar\Debug\link.6748-cvtres.read.1.tlog
C:\Users\Steve\Documents\CS180 UMLCourse Spring 2013\1 Quasar C++ Code Development\Quasar_1May2013\Quasar\Debug\link.6748-cvtres.write.1.tlog
C:\Users\Steve\Documents\CS180 UMLCourse Spring 2013\1 Quasar C++ Code Development\Quasar_1May2013\Quasar\Debug\link.6748-rc.read.1.tlog
C:\Users\Steve\Documents\CS180 UMLCourse Spring 2013\1 Quasar C++ Code Development\Quasar_1May2013\Quasar\Debug\link.6748-rc.write.1.tlog
C:\Users\Steve\Documents\CS180 UMLCourse Spring 2013\1 Quasar C++ Code Development\Quasar_1May2013\Quasar\Debug\link.6748.read.1.tlog
C:\Users\Steve\Documents\CS180 UMLCourse Spring 2013\1 Quasar C++ Code Development\Quasar_1May2013\Quasar\Debug\link.6748.write.1.tlog
C:\Users\Steve\Documents\CS180 UMLCourse Spring 2013\1 Quasar C++ Code Development\Quasar_1May2013\Quasar\Debug\link.6772-cvtres.read.1.tlog
C:\Users\Steve\Documents\CS180 UMLCourse Spring 2013\1 Quasar C++ Code Development\Quasar_1May2013\Quasar\Debug\link.6772-cvtres.write.1.tlog
C:\Users\Steve\Documents\CS180 UMLCourse Spring 2013\1 Quasar C++ Code Development\Quasar_1May2013\Quasar\Debug\link.6772-rc.read.1.tlog
C:\Users\Steve\Documents\CS180 UMLCourse Spring 2013\1 Quasar C++ Code Development\Quasar_1May2013\Quasar\Debug\link.6772-rc.write.1.tlog
C:\Users\Steve\Documents\CS180 UMLCourse Spring 2013\1 Quasar C++ Code Development\Quasar_1May2013\Quasar\Debug\link.6772.read.1.tlog
C:\Users\Steve\Documents\CS180 UMLCourse Spring 2013\1 Quasar C++ Code Development\Quasar_1May2013\Quasar\Debug\link.6772.write.1.tlog
C:\Users\Steve\Documents\CS180 UMLCourse Spring 2013\1 Quasar C++ Code Development\Quasar_1May2013\Quasar\Debug\link.6776-cvtres.read.1.tlog
C:\Users\Steve\Documents\CS180 UMLCourse Spring 2013\1 Quasar C++ Code Development\Quasar_1May2013\Quasar\Debug\link.6776-cvtres.write.1.tlog
C:\Users\Steve\Documents\CS180 UMLCourse Spring 2013\1 Quasar C++ Code Development\Quasar_1May2013\Quasar\Debug\link.6776-rc.read.1.tlog
C:\Users\Steve\Documents\CS180 UMLCourse Spring 2013\1 Quasar C++ Code Development\Quasar_1May2013\Quasar\Debug\link.6776-rc.write.1.tlog
C:\Users\Steve\Documents\CS180 UMLCourse Spring 2013\1 Quasar C++ Code Development\Quasar_1May2013\Quasar\Debug\link.6776.read.1.tlog
C:\Users\Steve\Documents\CS180 UMLCourse Spring 2013\1 Quasar C++ Code Development\Quasar_1May2013\Quasar\Debug\link.6776.write.1.tlog
C:\Users\Steve\Documents\CS180 UMLCourse Spring 2013\1 Quasar C++ Code Development\Quasar_1May2013\Quasar\Debug\link.6788-cvtres.read.1.tlog
C:\Users\Steve\Documents\CS180 UMLCourse Spring 2013\1 Quasar C++ Code Development\Quasar_1May2013\Quasar\Debug\link.6788-cvtres.write.1.tlog
C:\Users\Steve\Documents\CS180 UMLCourse Spring 2013\1 Quasar C++ Code Development\Quasar_1May2013\Quasar\Debug\link.6788-rc.read.1.tlog
C:\Users\Steve\Documents\CS180 UMLCourse Spring 2013\1 Quasar C++ Code Development\Quasar_1May2013\Quasar\Debug\link.6788-rc.write.1.tlog
C:\Users\Steve\Documents\CS180 UMLCourse Spring 2013\1 Quasar C++ Code Development\Quasar_1May2013\Quasar\Debug\link.6788.read.1.tlog
C:\Users\Steve\Documents\CS180 UMLCourse Spring 2013\1 Quasar C++ Code Development\Quasar_1May2013\Quasar\Debug\link.6788.write.1.tlog
C:\Users\Steve\Documents\CS180 UMLCourse Spring 2013\1 Quasar C++ Code Development\Quasar_1May2013\Quasar\Debug\link.6848-cvtres.read.1.tlog
C:\Users\Steve\Documents\CS180 UMLCourse Spring 2013\1 Quasar C++ Code Development\Quasar_1May2013\Quasar\Debug\link.6848-cvtres.write.1.tlog
C:\Users\Steve\Documents\CS180 UMLCourse Spring 2013\1 Quasar C++ Code Development\Quasar_1May2013\Quasar\Debug\link.6848-rc.read.1.tlog
C:\Users\Steve\Documents\CS180 UMLCourse Spring 2013\1 Quasar C++ Code Development\Quasar_1May2013\Quasar\Debug\link.6848-rc.write.1.tlog
C:\Users\Steve\Documents\CS180 UMLCourse Spring 2013\1 Quasar C++ Code Development\Quasar_1May2013\Quasar\Debug\link.6848.read.1.tlog
C:\Users\Steve\Documents\CS180 UMLCourse Spring 2013\1 Quasar C++ Code Development\Quasar_1May2013\Quasar\Debug\link.6848.write.1.tlog
C:\Users\Steve\Documents\CS180 UMLCourse Spring 2013\1 Quasar C++ Code Development\Quasar_1May2013\Quasar\Debug\link.6940-cvtres.read.1.tlog
C:\Users\Steve\Documents\CS180 UMLCourse Spring 2013\1 Quasar C++ Code Development\Quasar_1May2013\Quasar\Debug\link.6940-cvtres.write.1.tlog
C:\Users\Steve\Documents\CS180 UMLCourse Spring 2013\1 Quasar C++ Code Development\Quasar_1May2013\Quasar\Debug\link.6940-rc.read.1.tlog
C:\Users\Steve\Documents\CS180 UMLCourse Spring 2013\1 Quasar C++ Code Development\Quasar_1May2013\Quasar\Debug\link.6940-rc.write.1.tlog
C:\Users\Steve\Documents\CS180 UMLCourse Spring 2013\1 Quasar C++ Code Development\Quasar_1May2013\Quasar\Debug\link.6940.read.1.tlog
C:\Users\Steve\Documents\CS180 UMLCourse Spring 2013\1 Quasar C++ Code Development\Quasar_1May2013\Quasar\Debug\link.6940.write.1.tlog
C:\Users\Steve\Documents\CS180 UMLCourse Spring 2013\1 Quasar C++ Code Development\Quasar_1May2013\Quasar\Debug\link.6996-cvtres.read.1.tlog
C:\Users\Steve\Documents\CS180 UMLCourse Spring 2013\1 Quasar C++ Code Development\Quasar_1May2013\Quasar\Debug\link.6996-cvtres.write.1.tlog
C:\Users\Steve\Documents\CS180 UMLCourse Spring 2013\1 Quasar C++ Code Development\Quasar_1May2013\Quasar\Debug\link.6996-rc.read.1.tlog
C:\Users\Steve\Documents\CS180 UMLCourse Spring 2013\1 Quasar C++ Code Development\Quasar_1May2013\Quasar\Debug\link.6996-rc.write.1.tlog
C:\Users\Steve\Documents\CS180 UMLCourse Spring 2013\1 Quasar C++ Code Development\Quasar_1May2013\Quasar\Debug\link.6996.read.1.tlog
C:\Users\Steve\Documents\CS180 UMLCourse Spring 2013\1 Quasar C++ Code Development\Quasar_1May2013\Quasar\Debug\link.6996.write.1.tlog
C:\Users\Steve\Documents\CS180 UMLCourse Spring 2013\1 Quasar C++ Code Development\Quasar_1May2013\Quasar\Debug\link.7004-cvtres.read.1.tlog
C:\Users\Steve\Documents\CS180 UMLCourse Spring 2013\1 Quasar C++ Code Development\Quasar_1May2013\Quasar\Debug\link.7004-cvtres.write.1.tlog
C:\Users\Steve\Documents\CS180 UMLCourse Spring 2013\1 Quasar C++ Code Development\Quasar_1May2013\Quasar\Debug\link.7004-rc.read.1.tlog
C:\Users\Steve\Documents\CS180 UMLCourse Spring 2013\1 Quasar C++ Code Development\Quasar_1May2013\Quasar\Debug\link.7004-rc.write.1.tlog
C:\Users\Steve\Documents\CS180 UMLCourse Spring 2013\1 Quasar C++ Code Development\Quasar_1May2013\Quasar\Debug\link.7004.read.1.tlog
C:\Users\Steve\Documents\CS180 UMLCourse Spring 2013\1 Quasar C++ Code Development\Quasar_1May2013\Quasar\Debug\link.7004.write.1.tlog
C:\Users\Steve\Documents\CS180 UMLCourse Spring 2013\1 Quasar C++ Code Development\Quasar_1May2013\Quasar\Debug\link.7740-cvtres.read.1.tlog
C:\Users\Steve\Documents\CS180 UMLCourse Spring 2013\1 Quasar C++ Code Development\Quasar_1May2013\Quasar\Debug\link.7740-cvtres.write.1.tlog
C:\Users\Steve\Documents\CS180 UMLCourse Spring 2013\1 Quasar C++ Code Development\Quasar_1May2013\Quasar\Debug\link.7740-rc.read.1.tlog
C:\Users\Steve\Documents\CS180 UMLCourse Spring 2013\1 Quasar C++ Code Development\Quasar_1May2013\Quasar\Debug\link.7740-rc.write.1.tlog
C:\Users\Steve\Documents\CS180 UMLCourse Spring 2013\1 Quasar C++ Code Development\Quasar_1May2013\Quasar\Debug\link.7740.read.1.tlog
C:\Users\Steve\Documents\CS180 UMLCourse Spring 2013\1 Quasar C++ Code Development\Quasar_1May2013\Quasar\Debug\link.7740.write.1.tlog
C:\Users\Steve\Documents\CS180 UMLCourse Spring 2013\1 Quasar C++ Code Development\Quasar_1May2013\Quasar\Debug\link.8156-cvtres.read.1.tlog
C:\Users\Steve\Documents\CS180 UMLCourse Spring 2013\1 Quasar C++ Code Development\Quasar_1May2013\Quasar\Debug\link.8156-cvtres.write.1.tlog
C:\Users\Steve\Documents\CS180 UMLCourse Spring 2013\1 Quasar C++ Code Development\Quasar_1May2013\Quasar\Debug\link.8156-rc.read.1.tlog
C:\Users\Steve\Documents\CS180 UMLCourse Spring 2013\1 Quasar C++ Code Development\Quasar_1May2013\Quasar\Debug\link.8156-rc.write.1.tlog
C:\Users\Steve\Documents\CS180 UMLCourse Spring 2013\1 Quasar C++ Code Development\Quasar_1May2013\Quasar\Debug\link.8156.read.1.tlog
C:\Users\Steve\Documents\CS180 UMLCourse Spring 2013\1 Quasar C++ Code Development\Quasar_1May2013\Quasar\Debug\link.8156.write.1.tlog
C:\Users\Steve\Documents\CS180 UMLCourse Spring 2013\1 Quasar C++ Code Development\Quasar_1May2013\Quasar\Debug\link.command.1.tlog
C:\Users\Steve\Documents\CS180 UMLCourse Spring 2013\1 Quasar C++ Code Development\Quasar_1May2013\Quasar\Debug\link.read.1.tlog
C:\Users\Steve\Documents\CS180 UMLCourse Spring 2013\1 Quasar C++ Code Development\Quasar_1May2013\Quasar\Debug\link.write.1.tlog
C:\Users\Steve\Documents\CS180 UMLCourse Spring 2013\1 Quasar C++ Code Development\Quasar_1May2013\Quasar\Debug\metagen.read.1.tlog
C:\Users\Steve\Documents\CS180 UMLCourse Spring 2013\1 Quasar C++ Code Development\Quasar_1May2013\Quasar\Debug\metagen.write.1.tlog
C:\Users\Steve\Documents\CS180 UMLCourse Spring 2013\1 Quasar C++ Code Development\Quasar_1May2013\Quasar\Debug\Quasar.write.1.tlog
C:\Users\Steve\Documents\CS180 UMLCourse Spring 2013\1 Quasar C++ Code Development\Quasar_1May2013\Quasar\Debug\vc110.pdb
C:\Users\Steve\Documents\CS180 UMLCourse Spring 2013\1 Quasar C++ Code Development\Quasar_1May2013\Quasar\Debug\RSAENH.DLL.bi
C:\Users\Steve\Documents\CS180 UMLCourse Spring 2013\1 Quasar C++ Code Development\Quasar_1May2013\Quasar\Debug\TZRES.DLL.bi
C:\Users\Steve\Documents\CS180 UMLCourse Spring 2013\1 Quasar C++ Code Development\Quasar_1May2013\Debug\Quasar.pdb
C:\Users\Steve\Documents\CS180 UMLCourse Spring 2013\1 Quasar C++ Code Development\Quasar_1May2013\Debug\Quasar.exe
